jamendo-android-master/build/outputs/logs/manifest-merger-debug-report.txt
-- Merging decision tree log ---
manifest
ADDED from Android\jamendo-android-master\AndroidManifest.xml:16:1-168:12
	package
		ADDED from Android\jamendo-android-master\AndroidManifest.xml:17:2-30
	android:versionName
		ADDED from Android\jamendo-android-master\AndroidManifest.xml:17:62-96
		INJECTED from Android\jamendo-android-master\AndroidManifest.xml
		INJECTED from Android\jamendo-android-master\AndroidManifest.xml
	android:versionCode
		ADDED from Android\jamendo-android-master\AndroidManifest.xml:17:97-121
		INJECTED from Android\jamendo-android-master\AndroidManifest.xml
		INJECTED from Android\jamendo-android-master\AndroidManifest.xml
	xmlns:android
		ADDED from Android\jamendo-android-master\AndroidManifest.xml:16:11-69
	android:installLocation
		ADDED from Android\jamendo-android-master\AndroidManifest.xml:17:31-61
application
ADDED from Android\jamendo-android-master\AndroidManifest.xml:18:2-159:16
	android:label
		ADDED from Android\jamendo-android-master\AndroidManifest.xml:18:45-77
	android:icon
		ADDED from Android\jamendo-android-master\AndroidManifest.xml:18:15-44
	android:name
		ADDED from Android\jamendo-android-master\AndroidManifest.xml:18:78-111
activity#com.teleca.jamendo.activity.HomeActivity
ADDED from Android\jamendo-android-master\AndroidManifest.xml:19:3-25:14
	android:label
		ADDED from Android\jamendo-android-master\AndroidManifest.xml:20:4-36
	android:name
		ADDED from Android\jamendo-android-master\AndroidManifest.xml:19:13-50
intent-filter#android.intent.action.VIEW+android.intent.category.DEFAULT
ADDED from Android\jamendo-android-master\AndroidManifest.xml:21:4-24:20
action#android.intent.action.VIEW
ADDED from Android\jamendo-android-master\AndroidManifest.xml:22:5-56
	android:name
		ADDED from Android\jamendo-android-master\AndroidManifest.xml:22:13-54
category#android.intent.category.DEFAULT
ADDED from Android\jamendo-android-master\AndroidManifest.xml:23:5-63
	android:name
		ADDED from Android\jamendo-android-master\AndroidManifest.xml:23:15-61
activity#com.teleca.jamendo.activity.AlbumActivity
ADDED from Android\jamendo-android-master\AndroidManifest.xml:26:3-32:14
	android:label
		ADDED from Android\jamendo-android-master\AndroidManifest.xml:27:4-33
	android:name
		ADDED from Android\jamendo-android-master\AndroidManifest.xml:26:13-51
activity#com.teleca.jamendo.activity.PlayerActivity
ADDED from Android\jamendo-android-master\AndroidManifest.xml:33:3-40:14
	android:label
		ADDED from Android\jamendo-android-master\AndroidManifest.xml:34:4-39
	android:launchMode
		ADDED from Android\jamendo-android-master\AndroidManifest.xml:34:40-70
	android:name
		ADDED from Android\jamendo-android-master\AndroidManifest.xml:33:13-52
activity#com.teleca.jamendo.activity.SearchActivity
ADDED from Android\jamendo-android-master\AndroidManifest.xml:41:3-47:14
	android:label
		ADDED from Android\jamendo-android-master\AndroidManifest.xml:42:4-34
	android:name
		ADDED from Android\jamendo-android-master\AndroidManifest.xml:41:13-52
activity#com.teleca.jamendo.activity.SettingsActivity
ADDED from Android\jamendo-android-master\AndroidManifest.xml:48:3-54:14
	android:label
		ADDED from Android\jamendo-android-master\AndroidManifest.xml:49:4-34
	android:name
		ADDED from Android\jamendo-android-master\AndroidManifest.xml:48:13-54
activity#com.teleca.jamendo.activity.ArtistActivity
ADDED from Android\jamendo-android-master\AndroidManifest.xml:55:3-61:14
	android:label
		ADDED from Android\jamendo-android-master\AndroidManifest.xml:56:4-34
	android:name
		ADDED from Android\jamendo-android-master\AndroidManifest.xml:55:13-52
activity#com.teleca.jamendo.activity.PlaylistActivity
ADDED from Android\jamendo-android-master\AndroidManifest.xml:62:3-68:14
	android:label
		ADDED from Android\jamendo-android-master\AndroidManifest.xml:63:4-36
	android:name
		ADDED from Android\jamendo-android-master\AndroidManifest.xml:62:13-54
activity#com.teleca.jamendo.activity.BrowsePlaylistActivity
ADDED from Android\jamendo-android-master\AndroidManifest.xml:69:3-75:14
	android:label
		ADDED from Android\jamendo-android-master\AndroidManifest.xml:70:4-36
	android:name
		ADDED from Android\jamendo-android-master\AndroidManifest.xml:69:13-60
activity#com.teleca.jamendo.activity.RadioActivity
ADDED from Android\jamendo-android-master\AndroidManifest.xml:76:3-82:14
	android:label
		ADDED from Android\jamendo-android-master\AndroidManifest.xml:77:4-36
	android:name
		ADDED from Android\jamendo-android-master\AndroidManifest.xml:76:13-51
activity#com.teleca.jamendo.activity.DownloadActivity
ADDED from Android\jamendo-android-master\AndroidManifest.xml:83:3-89:14
	android:label
		ADDED from Android\jamendo-android-master\AndroidManifest.xml:84:4-36
	android:name
		ADDED from Android\jamendo-android-master\AndroidManifest.xml:83:13-54
activity#com.teleca.jamendo.activity.StarredAlbumsActivity
ADDED from Android\jamendo-android-master\AndroidManifest.xml:90:3-96:14
	android:label
		ADDED from Android\jamendo-android-master\AndroidManifest.xml:91:4-36
	android:name
		ADDED from Android\jamendo-android-master\AndroidManifest.xml:90:13-59
service#com.teleca.jamendo.service.PlayerService
ADDED from Android\jamendo-android-master\AndroidManifest.xml:97:3-60
	android:name
		ADDED from Android\jamendo-android-master\AndroidManifest.xml:97:12-49
service#com.teleca.jamendo.service.DownloadService
ADDED from Android\jamendo-android-master\AndroidManifest.xml:98:3-62
	android:name
		ADDED from Android\jamendo-android-master\AndroidManifest.xml:98:12-51
activity#com.teleca.jamendo.activity.IntentDistributorActivity
ADDED from Android\jamendo-android-master\AndroidManifest.xml:99:3-145:14
	android:name
		ADDED from Android\jamendo-android-master\AndroidManifest.xml:99:13-63
intent-filter#android.intent.action.VIEW+android.intent.category.BROWSABLE+android.intent.category.DEFAULT
ADDED from Android\jamendo-android-master\AndroidManifest.xml:104:4-144:20
category#android.intent.category.BROWSABLE
ADDED from Android\jamendo-android-master\AndroidManifest.xml:107:5-66
	android:name
		ADDED from Android\jamendo-android-master\AndroidManifest.xml:107:15-63
data
ADDED from Android\jamendo-android-master\AndroidManifest.xml:110:5-111:37
	android:host
		ADDED from Android\jamendo-android-master\AndroidManifest.xml:110:33-63
	android:scheme
		ADDED from Android\jamendo-android-master\AndroidManifest.xml:110:11-32
	android:pathPrefix
		ADDED from Android\jamendo-android-master\AndroidManifest.xml:111:6-34
activity#com.teleca.jamendo.activity.EqualizerActivity
ADDED from Android\jamendo-android-master\AndroidManifest.xml:146:3-152:20
	android:label
		ADDED from Android\jamendo-android-master\AndroidManifest.xml:147:19-52
	android:name
		ADDED from Android\jamendo-android-master\AndroidManifest.xml:146:13-55
activity#com.teleca.jamendo.activity.SplashscreenActivity
ADDED from Android\jamendo-android-master\AndroidManifest.xml:153:3-158:14
	android:name
		ADDED from Android\jamendo-android-master\AndroidManifest.xml:153:13-58
intent-filter#android.intent.action.MAIN+android.intent.category.LAUNCHER
ADDED from Android\jamendo-android-master\AndroidManifest.xml:154:4-157:20
action#android.intent.action.MAIN
ADDED from Android\jamendo-android-master\AndroidManifest.xml:155:5-64
	android:name
		ADDED from Android\jamendo-android-master\AndroidManifest.xml:155:13-54
category#android.intent.category.LAUNCHER
ADDED from Android\jamendo-android-master\AndroidManifest.xml:156:5-74
	android:name
		ADDED from Android\jamendo-android-master\AndroidManifest.xml:156:15-62
uses-permission#android.permission.INTERNET
ADDED from Android\jamendo-android-master\AndroidManifest.xml:160:2-80
	android:name
		ADDED from Android\jamendo-android-master\AndroidManifest.xml:160:19-61
uses-permission#android.permission.ACCESS_WIFI_STATE
ADDED from Android\jamendo-android-master\AndroidManifest.xml:161:2-89
	android:name
		ADDED from Android\jamendo-android-master\AndroidManifest.xml:161:19-70
uses-sdk
ADDED from Android\jamendo-android-master\AndroidManifest.xml:162:2-79
	android:targetSdkVersion
		ADDED from Android\jamendo-android-master\AndroidManifest.xml:162:38-67
	android:minSdkVersion
		ADDED from Android\jamendo-android-master\AndroidManifest.xml:162:12-37
uses-permission#android.permission.READ_PHONE_STATE
ADDED from Android\jamendo-android-master\AndroidManifest.xml:163:2-88
	android:name
		ADDED from Android\jamendo-android-master\AndroidManifest.xml:163:19-69
uses-permission#android.permission.WRITE_EXTERNAL_STORAGE
ADDED from Android\jamendo-android-master\AndroidManifest.xml:164:2-94
	android:name
		ADDED from Android\jamendo-android-master\AndroidManifest.xml:164:19-75
uses-permission#android.permission.WAKE_LOCK
ADDED from Android\jamendo-android-master\AndroidManifest.xml:165:2-81
	android:name
		ADDED from Android\jamendo-android-master\AndroidManifest.xml:165:19-62
uses-permission#android.permission.RECORD_AUDIO
ADDED from Android\jamendo-android-master\AndroidManifest.xml:166:2-84
	android:name
		ADDED from Android\jamendo-android-master\AndroidManifest.xml:166:19-65
uses-permission#android.permission.MODIFY_AUDIO_SETTINGS
ADDED from Android\jamendo-android-master\AndroidManifest.xml:167:2-93
	android:name
		ADDED from Android\jamendo-android-master\AndroidManifest.xml:167:19-74